<?xml version="1.0" encoding="UTF-8"?>
<coverage generated="1694090124929" clover="3.2.0">
  <project timestamp="1694090124929" name="All files">
    <metrics statements="11" coveredstatements="11" conditionals="2" coveredconditionals="2" methods="5" coveredmethods="5" elements="18" coveredelements="18" complexity="0" loc="11" ncloc="11" packages="1" files="2" classes="2"/>
    <file name="app.js" path="/Users/alla.kalyakina/Desktop/netology/ajs-homeworks/containers/set/src/js/app.js">
      <metrics statements="7" coveredstatements="7" conditionals="2" coveredconditionals="2" methods="4" coveredmethods="4"/>
      <line num="3" count="3" type="stmt"/>
      <line num="7" count="2" type="cond" truecount="2" falsecount="0"/>
      <line num="8" count="1" type="stmt"/>
      <line num="10" count="1" type="stmt"/>
      <line num="15" count="2" type="stmt"/>
      <line num="16" count="5" type="stmt"/>
      <line num="21" count="1" type="stmt"/>
    </file>
    <file name="charaster.js" path="/Users/alla.kalyakina/Desktop/netology/ajs-homeworks/containers/set/src/js/charaster.js">
      <metrics statements="4" coveredstatements="4" conditionals="0" coveredconditionals="0" methods="1" coveredmethods="1"/>
      <line num="3" count="7" type="stmt"/>
      <line num="4" count="7" type="stmt"/>
      <line num="5" count="7" type="stmt"/>
      <line num="6" count="7" type="stmt"/>
    </file>
  </project>
</coverage>
